<?xml version="1.0" encoding="UTF-8"?>
<testng-results total="1" passed="1" failed="0" skipped="0">
  <reporter-output>
  </reporter-output>
  <suite started-at="2020-05-19T17:15:00Z" name="Default suite" finished-at="2020-05-19T17:15:36Z" duration-ms="36770">
    <groups>
    </groups>
    <test started-at="2020-05-19T17:15:00Z" name="Default test" finished-at="2020-05-19T17:15:36Z" duration-ms="36770">
      <class name="testpackage.TestRecord">
        <test-method is-config="true" signature="setUp()[pri:0, instance:testpackage.TestRecord@1356d4d4]" started-at="2020-05-19T19:15:00Z" name="setUp" finished-at="2020-05-19T19:15:18Z" duration-ms="18098" status="PASS">
          <reporter-output>
          </reporter-output>
        </test-method> <!-- setUp -->
        <test-method signature="testRecord()[pri:0, instance:testpackage.TestRecord@1356d4d4]" started-at="2020-05-19T19:15:18Z" name="testRecord" finished-at="2020-05-19T19:15:33Z" duration-ms="14988" status="PASS">
          <reporter-output>
          </reporter-output>
        </test-method> <!-- testRecord -->
        <test-method is-config="true" signature="tearDown()[pri:0, instance:testpackage.TestRecord@1356d4d4]" started-at="2020-05-19T19:15:33Z" name="tearDown" finished-at="2020-05-19T19:15:36Z" duration-ms="3659" status="PASS">
          <reporter-output>
          </reporter-output>
        </test-method> <!-- tearDown -->
      </class> <!-- testpackage.TestRecord -->
    </test> <!-- Default test -->
  </suite> <!-- Default suite -->
</testng-results>
